This is pdfTeX, Version 3.141592653-2.6-1.40.23 (MiKTeX 21.8) (preloaded format=pdflatex 2021.9.15)  15 AUG 2022 09:17
entering extended mode
**./needBasedSharing-paper.tex
(needBasedSharing-paper.tex
LaTeX2e <2021-06-01> patch level 1
L3 programming layer <2021-08-27>
(C:\Users\au687269\AppData\Local\Programs\MiKTeX\tex/latex/base\article.cls
Document Class: article 2021/02/12 v1.4n Standard LaTeX document class
(C:\Users\au687269\AppData\Local\Programs\MiKTeX\tex/latex/base\size10.clo
File: size10.clo 2021/02/12 v1.4n Standard LaTeX file (size option)
)
\c@part=\count182
\c@section=\count183
\c@subsection=\count184
\c@subsubsection=\count185
\c@paragraph=\count186
\c@subparagraph=\count187
\c@figure=\count188
\c@table=\count189
\abovecaptionskip=\skip47
\belowcaptionskip=\skip48
\bibindent=\dimen138
)
(C:\Users\au687269\AppData\Local\Programs\MiKTeX\tex/latex/amsmath\amsmath.sty
Package: amsmath 2021/04/20 v2.17j AMS math features
\@mathmargin=\skip49

For additional information on amsmath, use the `?' option.
(C:\Users\au687269\AppData\Local\Programs\MiKTeX\tex/latex/amsmath\amstext.sty
Package: amstext 2000/06/29 v2.01 AMS text

(C:\Users\au687269\AppData\Local\Programs\MiKTeX\tex/latex/amsmath\amsgen.sty
File: amsgen.sty 1999/11/30 v2.0 generic functions
\@emptytoks=\toks16
\ex@=\dimen139
)) (C:\Users\au687269\AppData\Local\Programs\MiKTeX\tex/latex/amsmath\amsbsy.st
y
Package: amsbsy 1999/11/29 v1.2d Bold Symbols
\pmbraise@=\dimen140
) (C:\Users\au687269\AppData\Local\Programs\MiKTeX\tex/latex/amsmath\amsopn.sty
Package: amsopn 2016/03/08 v2.02 operator names
)
\inf@bad=\count190
LaTeX Info: Redefining \frac on input line 234.
\uproot@=\count191
\leftroot@=\count192
LaTeX Info: Redefining \overline on input line 399.
\classnum@=\count193
\DOTSCASE@=\count194
LaTeX Info: Redefining \ldots on input line 496.
LaTeX Info: Redefining \dots on input line 499.
LaTeX Info: Redefining \cdots on input line 620.
\Mathstrutbox@=\box50
\strutbox@=\box51
\big@size=\dimen141
LaTeX Font Info:    Redeclaring font encoding OML on input line 743.
LaTeX Font Info:    Redeclaring font encoding OMS on input line 744.
\macc@depth=\count195
\c@MaxMatrixCols=\count196
\dotsspace@=\muskip16
\c@parentequation=\count197
\dspbrk@lvl=\count198
\tag@help=\toks17
\row@=\count199
\column@=\count266
\maxfields@=\count267
\andhelp@=\toks18
\eqnshift@=\dimen142
\alignsep@=\dimen143
\tagshift@=\dimen144
\tagwidth@=\dimen145
\totwidth@=\dimen146
\lineht@=\dimen147
\@envbody=\toks19
\multlinegap=\skip50
\multlinetaggap=\skip51
\mathdisplay@stack=\toks20
LaTeX Info: Redefining \[ on input line 2923.
LaTeX Info: Redefining \] on input line 2924.
)
(C:\Users\au687269\AppData\Local\Programs\MiKTeX\tex/latex/amsfonts\amssymb.sty
Package: amssymb 2013/01/14 v3.01 AMS font symbols

(C:\Users\au687269\AppData\Local\Programs\MiKTeX\tex/latex/amsfonts\amsfonts.st
y
Package: amsfonts 2013/01/14 v3.01 Basic AMSFonts support
\symAMSa=\mathgroup4
\symAMSb=\mathgroup5
LaTeX Font Info:    Redeclaring math symbol \hbar on input line 98.
LaTeX Font Info:    Overwriting math alphabet `\mathfrak' in version `bold'
(Font)                  U/euf/m/n --> U/euf/b/n on input line 106.
)) (C:\Users\au687269\AppData\Local\Programs\MiKTeX\tex/latex/lm\lmodern.sty
Package: lmodern 2009/10/30 v1.6 Latin Modern Fonts
LaTeX Font Info:    Overwriting symbol font `operators' in version `normal'
(Font)                  OT1/cmr/m/n --> OT1/lmr/m/n on input line 22.
LaTeX Font Info:    Overwriting symbol font `letters' in version `normal'
(Font)                  OML/cmm/m/it --> OML/lmm/m/it on input line 23.
LaTeX Font Info:    Overwriting symbol font `symbols' in version `normal'
(Font)                  OMS/cmsy/m/n --> OMS/lmsy/m/n on input line 24.
LaTeX Font Info:    Overwriting symbol font `largesymbols' in version `normal'
(Font)                  OMX/cmex/m/n --> OMX/lmex/m/n on input line 25.
LaTeX Font Info:    Overwriting symbol font `operators' in version `bold'
(Font)                  OT1/cmr/bx/n --> OT1/lmr/bx/n on input line 26.
LaTeX Font Info:    Overwriting symbol font `letters' in version `bold'
(Font)                  OML/cmm/b/it --> OML/lmm/b/it on input line 27.
LaTeX Font Info:    Overwriting symbol font `symbols' in version `bold'
(Font)                  OMS/cmsy/b/n --> OMS/lmsy/b/n on input line 28.
LaTeX Font Info:    Overwriting symbol font `largesymbols' in version `bold'
(Font)                  OMX/cmex/m/n --> OMX/lmex/m/n on input line 29.
LaTeX Font Info:    Overwriting math alphabet `\mathbf' in version `normal'
(Font)                  OT1/cmr/bx/n --> OT1/lmr/bx/n on input line 31.
LaTeX Font Info:    Overwriting math alphabet `\mathsf' in version `normal'
(Font)                  OT1/cmss/m/n --> OT1/lmss/m/n on input line 32.
LaTeX Font Info:    Overwriting math alphabet `\mathit' in version `normal'
(Font)                  OT1/cmr/m/it --> OT1/lmr/m/it on input line 33.
LaTeX Font Info:    Overwriting math alphabet `\mathtt' in version `normal'
(Font)                  OT1/cmtt/m/n --> OT1/lmtt/m/n on input line 34.
LaTeX Font Info:    Overwriting math alphabet `\mathbf' in version `bold'
(Font)                  OT1/cmr/bx/n --> OT1/lmr/bx/n on input line 35.
LaTeX Font Info:    Overwriting math alphabet `\mathsf' in version `bold'
(Font)                  OT1/cmss/bx/n --> OT1/lmss/bx/n on input line 36.
LaTeX Font Info:    Overwriting math alphabet `\mathit' in version `bold'
(Font)                  OT1/cmr/bx/it --> OT1/lmr/bx/it on input line 37.
LaTeX Font Info:    Overwriting math alphabet `\mathtt' in version `bold'
(Font)                  OT1/cmtt/m/n --> OT1/lmtt/m/n on input line 38.
)
(C:\Users\au687269\AppData\Local\Programs\MiKTeX\tex/generic/iftex\ifxetex.sty
Package: ifxetex 2019/10/25 v0.7 ifxetex legacy package. Use iftex instead.

(C:\Users\au687269\AppData\Local\Programs\MiKTeX\tex/generic/iftex\iftex.sty
Package: iftex 2020/03/06 v1.0d TeX engine tests
))
(C:\Users\au687269\AppData\Local\Programs\MiKTeX\tex/generic/iftex\ifluatex.sty
Package: ifluatex 2019/10/25 v1.5 ifluatex legacy package. Use iftex instead.
) (C:\Users\au687269\AppData\Local\Programs\MiKTeX\tex/latex/base\fontenc.sty
Package: fontenc 2021/04/29 v2.0v Standard LaTeX package
LaTeX Font Info:    Trying to load font information for T1+lmr on input line 11
2.

(C:\Users\au687269\AppData\Local\Programs\MiKTeX\tex/latex/lm\t1lmr.fd
File: t1lmr.fd 2009/10/30 v1.6 Font defs for Latin Modern
))
(C:\Users\au687269\AppData\Local\Programs\MiKTeX\tex/latex/base\inputenc.sty
Package: inputenc 2021/02/14 v1.3d Input encoding file
\inpenc@prehook=\toks21
\inpenc@posthook=\toks22
)
(C:\Users\au687269\AppData\Local\Programs\MiKTeX\tex/latex/base\textcomp.sty
Package: textcomp 2020/02/02 v2.0n Standard LaTeX package
)
(C:\Users\au687269\AppData\Local\Programs\MiKTeX\tex/latex/upquote\upquote.sty
Package: upquote 2012/04/19 v1.3 upright-quote and grave-accent glyphs in verba
tim
)
(C:\Users\au687269\AppData\Local\Programs\MiKTeX\tex/latex/microtype\microtype.
sty
Package: microtype 2021/03/14 v2.8c Micro-typographical refinements (RS)

(C:\Users\au687269\AppData\Local\Programs\MiKTeX\tex/latex/graphics\keyval.sty
Package: keyval 2014/10/28 v1.15 key=value parser (DPC)
\KV@toks@=\toks23
)
\MT@toks=\toks24
\MT@count=\count268
LaTeX Info: Redefining \textls on input line 790.
\MT@outer@kern=\dimen148
LaTeX Info: Redefining \textmicrotypecontext on input line 1374.
\MT@listname@count=\count269

(C:\Users\au687269\AppData\Local\Programs\MiKTeX\tex/latex/microtype\microtype-
pdftex.def
File: microtype-pdftex.def 2021/03/14 v2.8c Definitions specific to pdftex (RS)

LaTeX Info: Redefining \lsstyle on input line 915.
LaTeX Info: Redefining \lslig on input line 915.
\MT@outer@space=\skip52
)
Package microtype Info: Loading configuration file microtype.cfg.

(C:\Users\au687269\AppData\Local\Programs\MiKTeX\tex/latex/microtype\microtype.
cfg
File: microtype.cfg 2021/03/14 v2.8c microtype main configuration file (RS)
))
(C:\Users\au687269\AppData\Local\Programs\MiKTeX\tex/latex/parskip\parskip.sty
Package: parskip 2021-03-14 v2.0h non-zero parskip adjustments

(C:\Users\au687269\AppData\Local\Programs\MiKTeX\tex/latex/kvoptions\kvoptions.
sty
Package: kvoptions 2020-10-07 v3.14 Key value format for package options (HO)

(C:\Users\au687269\AppData\Local\Programs\MiKTeX\tex/generic/ltxcmds\ltxcmds.st
y
Package: ltxcmds 2020-05-10 v1.25 LaTeX kernel commands for general use (HO)
)
(C:\Users\au687269\AppData\Local\Programs\MiKTeX\tex/generic/kvsetkeys\kvsetkey
s.sty
Package: kvsetkeys 2019/12/15 v1.18 Key value parser (HO)
))
(C:\Users\au687269\AppData\Local\Programs\MiKTeX\tex/latex/etoolbox\etoolbox.st
y
Package: etoolbox 2020/10/05 v2.5k e-TeX tools for LaTeX (JAW)
\etb@tempcnta=\count270
))
(C:\Users\au687269\AppData\Local\Programs\MiKTeX\tex/latex/xcolor\xcolor.sty
Package: xcolor 2016/05/11 v2.12 LaTeX color extensions (UK)

(C:\Users\au687269\AppData\Local\Programs\MiKTeX\tex/latex/graphics-cfg\color.c
fg
File: color.cfg 2016/01/02 v1.6 sample color configuration
)
Package xcolor Info: Driver file: pdftex.def on input line 225.

(C:\Users\au687269\AppData\Local\Programs\MiKTeX\tex/latex/graphics-def\pdftex.
def
File: pdftex.def 2020/10/05 v1.2a Graphics/color driver for pdftex
)
Package xcolor Info: Model `cmy' substituted by `cmy0' on input line 1348.
Package xcolor Info: Model `hsb' substituted by `rgb' on input line 1352.
Package xcolor Info: Model `RGB' extended on input line 1364.
Package xcolor Info: Model `HTML' substituted by `rgb' on input line 1366.
Package xcolor Info: Model `Hsb' substituted by `hsb' on input line 1367.
Package xcolor Info: Model `tHsb' substituted by `hsb' on input line 1368.
Package xcolor Info: Model `HSB' substituted by `hsb' on input line 1369.
Package xcolor Info: Model `Gray' substituted by `gray' on input line 1370.
Package xcolor Info: Model `wave' substituted by `hsb' on input line 1371.
) (C:\Users\au687269\AppData\Local\Programs\MiKTeX\tex/latex/xurl\xurl.sty
Package: xurl 2020/12/30 v 0.09a modify URL breaks

(C:\Users\au687269\AppData\Local\Programs\MiKTeX\tex/latex/url\url.sty
\Urlmuskip=\muskip17
Package: url 2013/09/16  ver 3.4  Verb mode for urls, etc.
))
(C:\Users\au687269\AppData\Local\Programs\MiKTeX\tex/latex/bookmark\bookmark.st
y
Package: bookmark 2020-11-06 v1.29 PDF bookmarks (HO)

(C:\Users\au687269\AppData\Local\Programs\MiKTeX\tex/latex/hyperref\hyperref.st
y
Package: hyperref 2021-06-07 v7.00m Hypertext links for LaTeX

(C:\Users\au687269\AppData\Local\Programs\MiKTeX\tex/generic/pdftexcmds\pdftexc
mds.sty
Package: pdftexcmds 2020-06-27 v0.33 Utility functions of pdfTeX for LuaTeX (HO
)

(C:\Users\au687269\AppData\Local\Programs\MiKTeX\tex/generic/infwarerr\infwarer
r.sty
Package: infwarerr 2019/12/03 v1.5 Providing info/warning/error messages (HO)
)
Package pdftexcmds Info: \pdf@primitive is available.
Package pdftexcmds Info: \pdf@ifprimitive is available.
Package pdftexcmds Info: \pdfdraftmode found.
)
(C:\Users\au687269\AppData\Local\Programs\MiKTeX\tex/generic/kvdefinekeys\kvdef
inekeys.sty
Package: kvdefinekeys 2019-12-19 v1.6 Define keys (HO)
)
(C:\Users\au687269\AppData\Local\Programs\MiKTeX\tex/generic/pdfescape\pdfescap
e.sty
Package: pdfescape 2019/12/09 v1.15 Implements pdfTeX's escape features (HO)
)
(C:\Users\au687269\AppData\Local\Programs\MiKTeX\tex/latex/hycolor\hycolor.sty
Package: hycolor 2020-01-27 v1.10 Color options for hyperref/bookmark (HO)
)
(C:\Users\au687269\AppData\Local\Programs\MiKTeX\tex/latex/letltxmacro\letltxma
cro.sty
Package: letltxmacro 2019/12/03 v1.6 Let assignment for LaTeX macros (HO)
)
(C:\Users\au687269\AppData\Local\Programs\MiKTeX\tex/latex/auxhook\auxhook.sty
Package: auxhook 2019-12-17 v1.6 Hooks for auxiliary files (HO)
)
\@linkdim=\dimen149
\Hy@linkcounter=\count271
\Hy@pagecounter=\count272
(C:\Users\au687269\AppData\Local\Programs\MiKTeX\tex/latex/hyperref\pd1enc.def
File: pd1enc.def 2021-06-07 v7.00m Hyperref: PDFDocEncoding definition (HO)
Now handling font encoding PD1 ...
... no UTF-8 mapping file for font encoding PD1
)
(C:\Users\au687269\AppData\Local\Programs\MiKTeX\tex/latex/hyperref\hyperref-la
ngpatches.def
File: hyperref-langpatches.def 2021-06-07 v7.00m Hyperref: patches for babel la
nguages
)
(C:\Users\au687269\AppData\Local\Programs\MiKTeX\tex/generic/intcalc\intcalc.st
y
Package: intcalc 2019/12/15 v1.3 Expandable calculations with integers (HO)
)
(C:\Users\au687269\AppData\Local\Programs\MiKTeX\tex/generic/etexcmds\etexcmds.
sty
Package: etexcmds 2019/12/15 v1.7 Avoid name clashes with e-TeX commands (HO)
)
\Hy@SavedSpaceFactor=\count273

(C:\Users\au687269\AppData\Local\Programs\MiKTeX\tex/latex/hyperref\puenc.def
File: puenc.def 2021-06-07 v7.00m Hyperref: PDF Unicode definition (HO)
Now handling font encoding PU ...
... no UTF-8 mapping file for font encoding PU
)
Package hyperref Info: Option `unicode' set `true' on input line 4073.
Package hyperref Info: Hyper figures OFF on input line 4192.
Package hyperref Info: Link nesting OFF on input line 4197.
Package hyperref Info: Hyper index ON on input line 4200.
Package hyperref Info: Plain pages OFF on input line 4207.
Package hyperref Info: Backreferencing OFF on input line 4212.
Package hyperref Info: Implicit mode ON; LaTeX internals redefined.
Package hyperref Info: Bookmarks ON on input line 4445.
\c@Hy@tempcnt=\count274
LaTeX Info: Redefining \url on input line 4804.
\XeTeXLinkMargin=\dimen150

(C:\Users\au687269\AppData\Local\Programs\MiKTeX\tex/generic/bitset\bitset.sty
Package: bitset 2019/12/09 v1.3 Handle bit-vector datatype (HO)

(C:\Users\au687269\AppData\Local\Programs\MiKTeX\tex/generic/bigintcalc\bigintc
alc.sty
Package: bigintcalc 2019/12/15 v1.5 Expandable calculations on big integers (HO
)
))
\Fld@menulength=\count275
\Field@Width=\dimen151
\Fld@charsize=\dimen152
Package hyperref Info: Hyper figures OFF on input line 6076.
Package hyperref Info: Link nesting OFF on input line 6081.
Package hyperref Info: Hyper index ON on input line 6084.
Package hyperref Info: backreferencing OFF on input line 6091.
Package hyperref Info: Link coloring OFF on input line 6096.
Package hyperref Info: Link coloring with OCG OFF on input line 6101.
Package hyperref Info: PDF/A mode OFF on input line 6106.
LaTeX Info: Redefining \ref on input line 6146.
LaTeX Info: Redefining \pageref on input line 6150.

(C:\Users\au687269\AppData\Local\Programs\MiKTeX\tex/latex/base\atbegshi-ltx.st
y
Package: atbegshi-ltx 2021/01/10 v1.0c Emulation of the original atbegshi
package with kernel methods
)
\Hy@abspage=\count276
\c@Item=\count277
\c@Hfootnote=\count278
)
Package hyperref Info: Driver (autodetected): hpdftex.

(C:\Users\au687269\AppData\Local\Programs\MiKTeX\tex/latex/hyperref\hpdftex.def
File: hpdftex.def 2021-06-07 v7.00m Hyperref driver for pdfTeX

(C:\Users\au687269\AppData\Local\Programs\MiKTeX\tex/latex/base\atveryend-ltx.s
ty
Package: atveryend-ltx 2020/08/19 v1.0a Emulation of the original atvery packag
e
with kernel methods
)
\Fld@listcount=\count279
\c@bookmark@seq@number=\count280

(C:\Users\au687269\AppData\Local\Programs\MiKTeX\tex/latex/rerunfilecheck\rerun
filecheck.sty
Package: rerunfilecheck 2019/12/05 v1.9 Rerun checks for auxiliary files (HO)

(C:\Users\au687269\AppData\Local\Programs\MiKTeX\tex/generic/uniquecounter\uniq
uecounter.sty
Package: uniquecounter 2019/12/15 v1.4 Provide unlimited unique counter (HO)
)
Package uniquecounter Info: New unique counter `rerunfilecheck' on input line 2
86.
)
\Hy@SectionHShift=\skip53
)
(C:\Users\au687269\AppData\Local\Programs\MiKTeX\tex/latex/bookmark\bkm-pdftex.
def
File: bkm-pdftex.def 2020-11-06 v1.29 bookmark driver for pdfTeX (HO)
\BKM@id=\count281
))
(C:\Users\au687269\AppData\Local\Programs\MiKTeX\tex/latex/geometry\geometry.st
y
Package: geometry 2020/01/02 v5.9 Page Geometry
 (C:\Users\au687269\AppData\Local\Programs\MiKTeX\tex/generic/iftex\ifvtex.sty
Package: ifvtex 2019/10/25 v1.7 ifvtex legacy package. Use iftex instead.
)
\Gm@cnth=\count282
\Gm@cntv=\count283
\c@Gm@tempcnt=\count284
\Gm@bindingoffset=\dimen153
\Gm@wd@mp=\dimen154
\Gm@odd@mp=\dimen155
\Gm@even@mp=\dimen156
\Gm@layoutwidth=\dimen157
\Gm@layoutheight=\dimen158
\Gm@layouthoffset=\dimen159
\Gm@layoutvoffset=\dimen160
\Gm@dimlist=\toks25

(C:\Users\au687269\AppData\Local\Programs\MiKTeX\tex/latex/geometry\geometry.cf
g))
(C:\Users\au687269\AppData\Local\Programs\MiKTeX\tex/latex/tools\longtable.sty
Package: longtable 2021-05-07 v4.16 Multi-page Table package (DPC)
\LTleft=\skip54
\LTright=\skip55
\LTpre=\skip56
\LTpost=\skip57
\LTchunksize=\count285
\LTcapwidth=\dimen161
\LT@head=\box52
\LT@firsthead=\box53
\LT@foot=\box54
\LT@lastfoot=\box55
\LT@gbox=\box56
\LT@cols=\count286
\LT@rows=\count287
\c@LT@tables=\count288
\c@LT@chunks=\count289
\LT@p@ftn=\toks26
)
(C:\Users\au687269\AppData\Local\Programs\MiKTeX\tex/latex/booktabs\booktabs.st
y
Package: booktabs 2020/01/12 v1.61803398 Publication quality tables
\heavyrulewidth=\dimen162
\lightrulewidth=\dimen163
\cmidrulewidth=\dimen164
\belowrulesep=\dimen165
\belowbottomsep=\dimen166
\aboverulesep=\dimen167
\abovetopsep=\dimen168
\cmidrulesep=\dimen169
\cmidrulekern=\dimen170
\defaultaddspace=\dimen171
\@cmidla=\count290
\@cmidlb=\count291
\@aboverulesep=\dimen172
\@belowrulesep=\dimen173
\@thisruleclass=\count292
\@lastruleclass=\count293
\@thisrulewidth=\dimen174
) (C:\Users\au687269\AppData\Local\Programs\MiKTeX\tex/latex/tools\array.sty
Package: array 2021/04/20 v2.5e Tabular extension package (FMi)
\col@sep=\dimen175
\ar@mcellbox=\box57
\extrarowheight=\dimen176
\NC@list=\toks27
\extratabsurround=\skip58
\backup@length=\skip59
\ar@cellbox=\box58
)
(C:\Users\au687269\AppData\Local\Programs\MiKTeX\tex/latex/tools\calc.sty
Package: calc 2017/05/25 v4.3 Infix arithmetic (KKT,FJ)
\calc@Acount=\count294
\calc@Bcount=\count295
\calc@Adimen=\dimen177
\calc@Bdimen=\dimen178
\calc@Askip=\skip60
\calc@Bskip=\skip61
LaTeX Info: Redefining \setlength on input line 80.
LaTeX Info: Redefining \addtolength on input line 81.
\calc@Ccount=\count296
\calc@Cskip=\skip62
)
(C:\Users\au687269\AppData\Local\Programs\MiKTeX\tex/latex/footnotehyper\footno
tehyper.sty
Package: footnotehyper 2021/08/13 v1.1e hyperref aware footnote.sty (JFB)
\FNH@notes=\box59
\FNH@width=\dimen179
\FNH@toks=\toks28
)
(C:\Users\au687269\AppData\Local\Programs\MiKTeX\tex/latex/graphics\graphicx.st
y
Package: graphicx 2020/12/05 v1.2c Enhanced LaTeX Graphics (DPC,SPQR)

(C:\Users\au687269\AppData\Local\Programs\MiKTeX\tex/latex/graphics\graphics.st
y
Package: graphics 2021/03/04 v1.4d Standard LaTeX Graphics (DPC,SPQR)
 (C:\Users\au687269\AppData\Local\Programs\MiKTeX\tex/latex/graphics\trig.sty
Package: trig 2016/01/03 v1.10 sin cos tan (DPC)
)
(C:\Users\au687269\AppData\Local\Programs\MiKTeX\tex/latex/graphics-cfg\graphic
s.cfg
File: graphics.cfg 2016/06/04 v1.11 sample graphics configuration
)
Package graphics Info: Driver file: pdftex.def on input line 107.
)
\Gin@req@height=\dimen180
\Gin@req@width=\dimen181
)
\cslhangindent=\skip63
\csllabelwidth=\skip64

(C:\Users\au687269\AppData\Local\Programs\MiKTeX\tex/latex/preprint\authblk.sty
Package: authblk 2001/02/27 1.3 (PWD)
\affilsep=\skip65
\@affilsep=\skip66
\c@Maxaffil=\count297
\c@authors=\count298
\c@affil=\count299
)
(C:\Users\au687269\AppData\Local\Programs\MiKTeX\tex/latex/l3backend\l3backend-
pdftex.def
File: l3backend-pdftex.def 2021-08-04 L3 backend support: PDF output (pdfTeX)
\l__color_backend_stack_int=\count300
\l__pdf_internal_box=\box60
) (needBasedSharing-paper.aux)
\openout1 = `needBasedSharing-paper.aux'.

LaTeX Font Info:    Checking defaults for OML/cmm/m/it on input line 107.
LaTeX Font Info:    ... okay on input line 107.
LaTeX Font Info:    Checking defaults for OMS/cmsy/m/n on input line 107.
LaTeX Font Info:    ... okay on input line 107.
LaTeX Font Info:    Checking defaults for OT1/cmr/m/n on input line 107.
LaTeX Font Info:    ... okay on input line 107.
LaTeX Font Info:    Checking defaults for T1/cmr/m/n on input line 107.
LaTeX Font Info:    ... okay on input line 107.
LaTeX Font Info:    Checking defaults for TS1/cmr/m/n on input line 107.
LaTeX Font Info:    ... okay on input line 107.
LaTeX Font Info:    Checking defaults for OMX/cmex/m/n on input line 107.
LaTeX Font Info:    ... okay on input line 107.
LaTeX Font Info:    Checking defaults for U/cmr/m/n on input line 107.
LaTeX Font Info:    ... okay on input line 107.
LaTeX Font Info:    Checking defaults for PD1/pdf/m/n on input line 107.
LaTeX Font Info:    ... okay on input line 107.
LaTeX Font Info:    Checking defaults for PU/pdf/m/n on input line 107.
LaTeX Font Info:    ... okay on input line 107.
LaTeX Info: Redefining \microtypecontext on input line 107.
Package microtype Info: Generating PDF output.
Package microtype Info: Character protrusion enabled (level 2).
Package microtype Info: Using protrusion set `basicmath'.
Package microtype Info: Automatic font expansion enabled (level 2),
(microtype)             stretch: 20, shrink: 20, step: 1, non-selected.
Package microtype Info: Using default expansion set `alltext-nott'.
LaTeX Info: Redefining \showhyphens on input line 107.
Package microtype Info: No adjustment of tracking.
Package microtype Info: No adjustment of interword spacing.
Package microtype Info: No adjustment of character kerning.

(C:\Users\au687269\AppData\Local\Programs\MiKTeX\tex/latex/microtype\mt-cmr.cfg
File: mt-cmr.cfg 2013/05/19 v2.2 microtype config. file: Computer Modern Roman 
(RS)
)
(C:\Users\au687269\AppData\Local\Programs\MiKTeX\tex/context/base/mkii\supp-pdf
.mkii
[Loading MPS to PDF converter (version 2006.09.02).]
\scratchcounter=\count301
\scratchdimen=\dimen182
\scratchbox=\box61
\nofMPsegments=\count302
\nofMParguments=\count303
\everyMPshowfont=\toks29
\MPscratchCnt=\count304
\MPscratchDim=\dimen183
\MPnumerator=\count305
\makeMPintoPDFobject=\count306
\everyMPtoPDFconversion=\toks30
)
(C:\Users\au687269\AppData\Local\Programs\MiKTeX\tex/latex/epstopdf-pkg\epstopd
f-base.sty
Package: epstopdf-base 2020-01-24 v2.11 Base part for package epstopdf
Package epstopdf-base Info: Redefining graphics rule for `.eps' on input line 4
85.

(C:\Users\au687269\AppData\Local\Programs\MiKTeX\tex/latex/00miktex\epstopdf-sy
s.cfg
File: epstopdf-sys.cfg 2021/03/18 v2.0 Configuration of epstopdf for MiKTeX
))
Package hyperref Info: Link coloring OFF on input line 107.

(C:\Users\au687269\AppData\Local\Programs\MiKTeX\tex/latex/hyperref\nameref.sty
Package: nameref 2021-04-02 v2.47 Cross-referencing by name of section

(C:\Users\au687269\AppData\Local\Programs\MiKTeX\tex/latex/refcount\refcount.st
y
Package: refcount 2019/12/15 v3.6 Data extraction from label references (HO)
)
(C:\Users\au687269\AppData\Local\Programs\MiKTeX\tex/generic/gettitlestring\get
titlestring.sty
Package: gettitlestring 2019/12/15 v1.6 Cleanup title references (HO)
)
\c@section@level=\count307
)
LaTeX Info: Redefining \ref on input line 107.
LaTeX Info: Redefining \pageref on input line 107.
LaTeX Info: Redefining \nameref on input line 107.

*geometry* driver: auto-detecting
*geometry* detected driver: pdftex
*geometry* verbose mode - [ preamble ] result:
* driver: pdftex
* paper: <default>
* layout: <same size as paper>
* layoutoffset:(h,v)=(0.0pt,0.0pt)
* modes: 
* h-part:(L,W,R)=(72.26999pt, 469.75502pt, 72.26999pt)
* v-part:(T,H,B)=(72.26999pt, 650.43001pt, 72.26999pt)
* \paperwidth=614.295pt
* \paperheight=794.96999pt
* \textwidth=469.75502pt
* \textheight=650.43001pt
* \oddsidemargin=0.0pt
* \evensidemargin=0.0pt
* \topmargin=-37.0pt
* \headheight=12.0pt
* \headsep=25.0pt
* \topskip=10.0pt
* \footskip=30.0pt
* \marginparwidth=65.0pt
* \marginparsep=11.0pt
* \columnsep=10.0pt
* \skip\footins=9.0pt plus 4.0pt minus 2.0pt
* \hoffset=0.0pt
* \voffset=0.0pt
* \mag=1000
* \@twocolumnfalse
* \@twosidefalse
* \@mparswitchfalse
* \@reversemarginfalse
* (1in=72.27pt=25.4mm, 1cm=28.453pt)

LaTeX Font Info:    Trying to load font information for OT1+lmr on input line 1
08.
(C:\Users\au687269\AppData\Local\Programs\MiKTeX\tex/latex/lm\ot1lmr.fd
File: ot1lmr.fd 2009/10/30 v1.6 Font defs for Latin Modern
)
LaTeX Font Info:    Trying to load font information for OML+lmm on input line 1
08.

(C:\Users\au687269\AppData\Local\Programs\MiKTeX\tex/latex/lm\omllmm.fd
File: omllmm.fd 2009/10/30 v1.6 Font defs for Latin Modern
)
LaTeX Font Info:    Trying to load font information for OMS+lmsy on input line 
108.

(C:\Users\au687269\AppData\Local\Programs\MiKTeX\tex/latex/lm\omslmsy.fd
File: omslmsy.fd 2009/10/30 v1.6 Font defs for Latin Modern
)
LaTeX Font Info:    Trying to load font information for OMX+lmex on input line 
108.

(C:\Users\au687269\AppData\Local\Programs\MiKTeX\tex/latex/lm\omxlmex.fd
File: omxlmex.fd 2009/10/30 v1.6 Font defs for Latin Modern
)
LaTeX Font Info:    External font `lmex10' loaded for size
(Font)              <12> on input line 108.
LaTeX Font Info:    External font `lmex10' loaded for size
(Font)              <8> on input line 108.
LaTeX Font Info:    External font `lmex10' loaded for size
(Font)              <6> on input line 108.
LaTeX Font Info:    Trying to load font information for U+msa on input line 108
.

(C:\Users\au687269\AppData\Local\Programs\MiKTeX\tex/latex/amsfonts\umsa.fd
File: umsa.fd 2013/01/14 v3.01 AMS symbols A
)
(C:\Users\au687269\AppData\Local\Programs\MiKTeX\tex/latex/microtype\mt-msa.cfg
File: mt-msa.cfg 2006/02/04 v1.1 microtype config. file: AMS symbols (a) (RS)
)
LaTeX Font Info:    Trying to load font information for U+msb on input line 108
.
 (C:\Users\au687269\AppData\Local\Programs\MiKTeX\tex/latex/amsfonts\umsb.fd
File: umsb.fd 2013/01/14 v3.01 AMS symbols B
)
(C:\Users\au687269\AppData\Local\Programs\MiKTeX\tex/latex/microtype\mt-msb.cfg
File: mt-msb.cfg 2005/06/01 v1.0 microtype config. file: AMS symbols (b) (RS)
)
LaTeX Font Info:    External font `lmex10' loaded for size
(Font)              <10> on input line 115.
LaTeX Font Info:    External font `lmex10' loaded for size
(Font)              <7> on input line 115.
LaTeX Font Info:    External font `lmex10' loaded for size
(Font)              <5> on input line 115.
 [1

{C:/Users/au687269/AppData/Local/MiKTeX/pdftex/config/pdftex.map}] [2]
[3]
<needBasedSharing-paper_files/figure-latex/abmplot0-1.pdf, id=43, 469.755pt x 3
25.215pt>
File: needBasedSharing-paper_files/figure-latex/abmplot0-1.pdf Graphic file (ty
pe pdf)
<use needBasedSharing-paper_files/figure-latex/abmplot0-1.pdf>
Package pdftex.def Info: needBasedSharing-paper_files/figure-latex/abmplot0-1.p
df  used on input line 149.
(pdftex.def)             Requested size: 469.75386pt x 325.2142pt.
<needBasedSharing-paper_files/figure-latex/abmplot1-1.pdf, id=47, 578.16pt x 50
5.89pt>
File: needBasedSharing-paper_files/figure-latex/abmplot1-1.pdf Graphic file (ty
pe pdf)
<use needBasedSharing-paper_files/figure-latex/abmplot1-1.pdf>
Package pdftex.def Info: needBasedSharing-paper_files/figure-latex/abmplot1-1.p
df  used on input line 157.
(pdftex.def)             Requested size: 469.75385pt x 411.0346pt.
 [4 <./needBasedSharing-paper_files/figure-latex/abmplot0-1.pdf>] [5 <./needBas
edSharing-paper_files/figure-latex/abmplot1-1.pdf>]
<needBasedSharing-paper_files/figure-latex/amtshareplot-1.pdf, id=76, 469.755pt
 x 325.215pt>
File: needBasedSharing-paper_files/figure-latex/amtshareplot-1.pdf Graphic file
 (type pdf)
<use needBasedSharing-paper_files/figure-latex/amtshareplot-1.pdf>
Package pdftex.def Info: needBasedSharing-paper_files/figure-latex/amtshareplot
-1.pdf  used on input line 173.
(pdftex.def)             Requested size: 469.75386pt x 325.2142pt.
 [6 <./needBasedSharing-paper_files/figure-latex/amtshareplot-1.pdf>]
<needBasedSharing-paper_files/figure-latex/degosotuaplot-1.pdf, id=95, 469.755p
t x 325.215pt>
File: needBasedSharing-paper_files/figure-latex/degosotuaplot-1.pdf Graphic fil
e (type pdf)
<use needBasedSharing-paper_files/figure-latex/degosotuaplot-1.pdf>
Package pdftex.def Info: needBasedSharing-paper_files/figure-latex/degosotuaplo
t-1.pdf  used on input line 183.
(pdftex.def)             Requested size: 469.75386pt x 325.2142pt.
 [7 <./needBasedSharing-paper_files/figure-latex/degosotuaplot-1.pdf>]
<needBasedSharing-paper_files/figure-latex/osotuainsecure-1.pdf, id=112, 469.75
5pt x 433.62pt>
File: needBasedSharing-paper_files/figure-latex/osotuainsecure-1.pdf Graphic fi
le (type pdf)
<use needBasedSharing-paper_files/figure-latex/osotuainsecure-1.pdf>
Package pdftex.def Info: needBasedSharing-paper_files/figure-latex/osotuainsecu
re-1.pdf  used on input line 191.
(pdftex.def)             Requested size: 469.75386pt x 433.61894pt.
 [8 <./needBasedSharing-paper_files/figure-latex/osotuainsecure-1.pdf>] [9] [10
] [11] [12]
Overfull \hbox (2.22221pt too wide) in paragraph at lines 263--266
[][] []
 []


Underfull \hbox (badness 10000) in paragraph at lines 263--266

 []


Overfull \hbox (2.22221pt too wide) in paragraph at lines 267--270
[][][] []
 []


Underfull \hbox (badness 10000) in paragraph at lines 267--270

 []


Overfull \hbox (2.22221pt too wide) in paragraph at lines 271--274
[][][] []
 []


Underfull \hbox (badness 10000) in paragraph at lines 271--274

 []


Overfull \hbox (2.22221pt too wide) in paragraph at lines 275--278
[][][] []
 []


Underfull \hbox (badness 10000) in paragraph at lines 275--278

 []


Overfull \hbox (2.22221pt too wide) in paragraph at lines 279--282
[][][] []
 []


Underfull \hbox (badness 10000) in paragraph at lines 279--282

 []


Overfull \hbox (2.22221pt too wide) in paragraph at lines 283--286
[][][] []
 []


Underfull \hbox (badness 10000) in paragraph at lines 283--286

 []


Overfull \hbox (2.22221pt too wide) in paragraph at lines 287--290
[][][] []
 []


Underfull \hbox (badness 10000) in paragraph at lines 287--290

 []


Overfull \hbox (2.22221pt too wide) in paragraph at lines 291--294
[][][] []
 []


Underfull \hbox (badness 10000) in paragraph at lines 291--294

 []


Overfull \hbox (2.22221pt too wide) in paragraph at lines 295--298
[][][] []
 []


Underfull \hbox (badness 10000) in paragraph at lines 295--298

 []


Overfull \hbox (2.22221pt too wide) in paragraph at lines 299--302
[][][] []
 []


Underfull \hbox (badness 10000) in paragraph at lines 299--302

 []


Overfull \hbox (2.22221pt too wide) in paragraph at lines 303--306
[][][] []
 []


Underfull \hbox (badness 10000) in paragraph at lines 303--306

 []


Overfull \hbox (2.22221pt too wide) in paragraph at lines 307--310
[][][] []
 []


Underfull \hbox (badness 10000) in paragraph at lines 307--310

 []


Overfull \hbox (2.22221pt too wide) in paragraph at lines 311--314
[][][] []
 []


Underfull \hbox (badness 10000) in paragraph at lines 311--314

 []

[13]
Overfull \hbox (2.22221pt too wide) in paragraph at lines 315--318
[][][] []
 []


Underfull \hbox (badness 10000) in paragraph at lines 315--318

 []


Overfull \hbox (2.22221pt too wide) in paragraph at lines 319--322
[][][] []
 []


Underfull \hbox (badness 10000) in paragraph at lines 319--322

 []


Overfull \hbox (2.22221pt too wide) in paragraph at lines 323--326
[][][] []
 []


Underfull \hbox (badness 10000) in paragraph at lines 323--326

 []


Overfull \hbox (2.22221pt too wide) in paragraph at lines 327--330
[][][] []
 []


Underfull \hbox (badness 10000) in paragraph at lines 327--330

 []


Overfull \hbox (2.22221pt too wide) in paragraph at lines 331--334
[][][] []
 []


Underfull \hbox (badness 10000) in paragraph at lines 331--334

 []


Overfull \hbox (2.22221pt too wide) in paragraph at lines 335--338
[][][] []
 []


Underfull \hbox (badness 10000) in paragraph at lines 335--338

 []


Overfull \hbox (2.22221pt too wide) in paragraph at lines 339--342
[][][] []
 []


Underfull \hbox (badness 10000) in paragraph at lines 339--342

 []


Overfull \hbox (2.22221pt too wide) in paragraph at lines 343--346
[][][] []
 []


Underfull \hbox (badness 10000) in paragraph at lines 343--346

 []


Overfull \hbox (2.22221pt too wide) in paragraph at lines 347--350
[][][] []
 []


Underfull \hbox (badness 10000) in paragraph at lines 347--350

 []


Overfull \hbox (2.22221pt too wide) in paragraph at lines 351--354
[][][] []
 []


Underfull \hbox (badness 10000) in paragraph at lines 351--354

 []


Overfull \hbox (2.22221pt too wide) in paragraph at lines 355--358
[][][] []
 []


Underfull \hbox (badness 10000) in paragraph at lines 355--358

 []


Overfull \hbox (2.22221pt too wide) in paragraph at lines 359--362
[][][] []
 []


Underfull \hbox (badness 10000) in paragraph at lines 359--362

 []


Overfull \hbox (2.22221pt too wide) in paragraph at lines 363--366
[][][] []
 []


Underfull \hbox (badness 10000) in paragraph at lines 363--366

 []


Overfull \hbox (2.22221pt too wide) in paragraph at lines 367--370
[][][] []
 []


Underfull \hbox (badness 10000) in paragraph at lines 367--370

 []


Overfull \hbox (2.22221pt too wide) in paragraph at lines 371--374
[][][] []
 []


Underfull \hbox (badness 10000) in paragraph at lines 371--374

 []


Overfull \hbox (2.22221pt too wide) in paragraph at lines 375--378
[][][] []
 []


Underfull \hbox (badness 10000) in paragraph at lines 375--378

 []


Overfull \hbox (2.22221pt too wide) in paragraph at lines 379--382
[][][] []
 []


Underfull \hbox (badness 10000) in paragraph at lines 379--382

 []


Overfull \hbox (2.22221pt too wide) in paragraph at lines 383--386
[][][] []
 []


Underfull \hbox (badness 10000) in paragraph at lines 383--386

 []


Overfull \hbox (2.22221pt too wide) in paragraph at lines 387--390
[][][] []
 []


Underfull \hbox (badness 10000) in paragraph at lines 387--390

 []


Overfull \hbox (2.22221pt too wide) in paragraph at lines 391--394
[][][] []
 []


Underfull \hbox (badness 10000) in paragraph at lines 391--394

 []

[14]
Overfull \hbox (2.22221pt too wide) in paragraph at lines 395--398
[][][] []
 []


Underfull \hbox (badness 10000) in paragraph at lines 395--398

 []


Overfull \hbox (2.22221pt too wide) in paragraph at lines 399--402
[][][] []
 []


Underfull \hbox (badness 10000) in paragraph at lines 399--402

 []


Overfull \hbox (2.22221pt too wide) in paragraph at lines 403--406
[][][] []
 []


Underfull \hbox (badness 10000) in paragraph at lines 403--406

 []


Overfull \hbox (2.22221pt too wide) in paragraph at lines 407--410
[][][] []
 []


Underfull \hbox (badness 10000) in paragraph at lines 407--410

 []


Overfull \hbox (2.22221pt too wide) in paragraph at lines 411--414
[][][] []
 []


Underfull \hbox (badness 10000) in paragraph at lines 411--414

 []


Overfull \hbox (2.22221pt too wide) in paragraph at lines 415--418
[][][] []
 []


Underfull \hbox (badness 10000) in paragraph at lines 415--418

 []


Overfull \hbox (2.22221pt too wide) in paragraph at lines 419--422
[][][] []
 []


Underfull \hbox (badness 10000) in paragraph at lines 419--422

 []


Overfull \hbox (2.22221pt too wide) in paragraph at lines 423--426
[][][] []
 []


Underfull \hbox (badness 10000) in paragraph at lines 423--426

 []


Overfull \hbox (2.22221pt too wide) in paragraph at lines 427--430
[][][] []
 []


Underfull \hbox (badness 10000) in paragraph at lines 427--430

 []


Overfull \hbox (2.22221pt too wide) in paragraph at lines 431--434
[][][] []
 []


Underfull \hbox (badness 10000) in paragraph at lines 431--434

 []


Overfull \hbox (2.22221pt too wide) in paragraph at lines 435--438
[][][] []
 []


Underfull \hbox (badness 10000) in paragraph at lines 435--438

 []


Overfull \hbox (2.22221pt too wide) in paragraph at lines 439--442
[][][] []
 []


Underfull \hbox (badness 10000) in paragraph at lines 439--442

 []


Overfull \hbox (2.22221pt too wide) in paragraph at lines 443--446
[][][] []
 []


Underfull \hbox (badness 10000) in paragraph at lines 443--446

 []


Overfull \hbox (2.22221pt too wide) in paragraph at lines 447--450
[][][] []
 []


Underfull \hbox (badness 10000) in paragraph at lines 447--450

 []


Overfull \hbox (2.22221pt too wide) in paragraph at lines 451--454
[][][] []
 []


Underfull \hbox (badness 10000) in paragraph at lines 451--454

 []


Overfull \hbox (2.22221pt too wide) in paragraph at lines 455--458
[][][] []
 []


Underfull \hbox (badness 10000) in paragraph at lines 455--458

 []


Overfull \hbox (2.22221pt too wide) in paragraph at lines 459--462
[][][] []
 []


Underfull \hbox (badness 10000) in paragraph at lines 459--462

 []


Overfull \hbox (2.22221pt too wide) in paragraph at lines 463--466
[][][] []
 []


Underfull \hbox (badness 10000) in paragraph at lines 463--466

 []


Overfull \hbox (2.22221pt too wide) in paragraph at lines 467--470
[][][] []
 []


Underfull \hbox (badness 10000) in paragraph at lines 467--470

 []

[15]
Overfull \hbox (2.22221pt too wide) in paragraph at lines 471--474
[][][] []
 []


Underfull \hbox (badness 10000) in paragraph at lines 471--474

 []


Overfull \hbox (2.22221pt too wide) in paragraph at lines 475--478
[][][] []
 []


Underfull \hbox (badness 10000) in paragraph at lines 475--478

 []


Overfull \hbox (2.22221pt too wide) in paragraph at lines 479--482
[][][] []
 []


Underfull \hbox (badness 10000) in paragraph at lines 479--482

 []


Overfull \hbox (2.22221pt too wide) in paragraph at lines 483--486
[][][] []
 []


Underfull \hbox (badness 10000) in paragraph at lines 483--486

 []


Overfull \hbox (2.22221pt too wide) in paragraph at lines 487--490
[][][] []
 []


Underfull \hbox (badness 10000) in paragraph at lines 487--490

 []


Overfull \hbox (2.22221pt too wide) in paragraph at lines 491--494
[][][] []
 []


Underfull \hbox (badness 10000) in paragraph at lines 491--494

 []

[16] (needBasedSharing-paper.aux) ) 
Here is how much of TeX's memory you used:
 13365 strings out of 478927
 204746 string characters out of 2851113
 549579 words of memory out of 3000000
 30632 multiletter control sequences out of 15000+600000
 491323 words of font info for 201 fonts, out of 8000000 for 9000
 1141 hyphenation exceptions out of 8191
 74i,8n,80p,2224b,368s stack positions out of 5000i,500n,10000p,200000b,80000s
{C:/Users/au687269/AppData/Local/Programs/Mi
KTeX/fonts/enc/dvips/lm/lm-ec.enc}{C:/Users/au687269/AppData/Local/Programs/MiK
TeX/fonts/enc/dvips/lm/lm-rm.enc}{C:/Users/au687269/AppData/Local/Programs/MiKT
eX/fonts/enc/dvips/lm/lm-mathsy.enc}{C:/Users/au687269/AppData/Local/Programs/M
iKTeX/fonts/enc/dvips/lm/lm-mathit.enc}<C:/Users/au687269/AppData/Local/Program
s/MiKTeX/fonts/type1/public/lm/lmbx10.pfb><C:/Users/au687269/AppData/Local/Prog
rams/MiKTeX/fonts/type1/public/lm/lmbx12.pfb><C:/Users/au687269/AppData/Local/P
rograms/MiKTeX/fonts/type1/public/lm/lmbx9.pfb><C:/Users/au687269/AppData/Local
/Programs/MiKTeX/fonts/type1/public/lm/lmmi10.pfb><C:/Users/au687269/AppData/Lo
cal/Programs/MiKTeX/fonts/type1/public/lm/lmmi7.pfb><C:/Users/au687269/AppData/
Local/Programs/MiKTeX/fonts/type1/public/lm/lmr10.pfb><C:/Users/au687269/AppDat
a/Local/Programs/MiKTeX/fonts/type1/public/lm/lmr12.pfb><C:/Users/au687269/AppD
ata/Local/Programs/MiKTeX/fonts/type1/public/lm/lmr17.pfb><C:/Users/au687269/Ap
pData/Local/Programs/MiKTeX/fonts/type1/public/lm/lmr6.pfb><C:/Users/au687269/A
ppData/Local/Programs/MiKTeX/fonts/type1/public/lm/lmr7.pfb><C:/Users/au687269/
AppData/Local/Programs/MiKTeX/fonts/type1/public/lm/lmr8.pfb><C:/Users/au687269
/AppData/Local/Programs/MiKTeX/fonts/type1/public/lm/lmr9.pfb><C:/Users/au68726
9/AppData/Local/Programs/MiKTeX/fonts/type1/public/lm/lmri10.pfb><C:/Users/au68
7269/AppData/Local/Programs/MiKTeX/fonts/type1/public/lm/lmri12.pfb><C:/Users/a
u687269/AppData/Local/Programs/MiKTeX/fonts/type1/public/lm/lmri8.pfb><C:/Users
/au687269/AppData/Local/Programs/MiKTeX/fonts/type1/public/lm/lmsy10.pfb><C:/Us
ers/au687269/AppData/Local/Programs/MiKTeX/fonts/type1/public/lm/lmsy7.pfb>
Output written on needBasedSharing-paper.pdf (16 pages, 559851 bytes).
PDF statistics:
 338 PDF objects out of 1000 (max. 8388607)
 94 named destinations out of 1000 (max. 500000)
 45082 words of extra memory for PDF output out of 51595 (max. 10000000)

